d:\github\filterdriversample\filterdriverandapp\x64\debug\vc143.pdb
d:\github\filterdriversample\filterdriverandapp\x64\debug\driver.obj
d:\github\filterdriversample\filterdriverandapp\x64\debug\comm.obj
d:\github\filterdriversample\filterdriverandapp\x64\debug\filterdriverandapp\filterdriverandapp.cat
d:\github\filterdriversample\filterdriverandapp\x64\debug\filterdriverandapp.sys
d:\github\filterdriversample\filterdriverandapp\x64\debug\filterdriverandapp.pdb
d:\github\filterdriversample\filterdriverandapp\x64\debug\filterdriverandapp.inf
d:\github\filterdriversample\filterdriverandapp\x64\debug\filterdriverandapp.cer
d:\github\filterdriversample\filterdriverandapp\x64\debug\filterdr.5a1fcb27.tlog\cl.command.1.tlog
d:\github\filterdriversample\filterdriverandapp\x64\debug\filterdr.5a1fcb27.tlog\cl.items.tlog
d:\github\filterdriversample\filterdriverandapp\x64\debug\filterdr.5a1fcb27.tlog\cl.read.1.tlog
d:\github\filterdriversample\filterdriverandapp\x64\debug\filterdr.5a1fcb27.tlog\cl.write.1.tlog
d:\github\filterdriversample\filterdriverandapp\x64\debug\filterdr.5a1fcb27.tlog\inf2cat-expand.14348.read.1.tlog
d:\github\filterdriversample\filterdriverandapp\x64\debug\filterdr.5a1fcb27.tlog\inf2cat-expand.14348.write.1.tlog
d:\github\filterdriversample\filterdriverandapp\x64\debug\filterdr.5a1fcb27.tlog\inf2cat-expand.read.1.tlog
d:\github\filterdriversample\filterdriverandapp\x64\debug\filterdr.5a1fcb27.tlog\inf2cat-expand.write.1.tlog
d:\github\filterdriversample\filterdriverandapp\x64\debug\filterdr.5a1fcb27.tlog\inf2cat.command.1.tlog
d:\github\filterdriversample\filterdriverandapp\x64\debug\filterdr.5a1fcb27.tlog\inf2cat.read.1.tlog
d:\github\filterdriversample\filterdriverandapp\x64\debug\filterdr.5a1fcb27.tlog\inf2cat.write.1.tlog
d:\github\filterdriversample\filterdriverandapp\x64\debug\filterdr.5a1fcb27.tlog\link.command.1.tlog
d:\github\filterdriversample\filterdriverandapp\x64\debug\filterdr.5a1fcb27.tlog\link.read.1.tlog
d:\github\filterdriversample\filterdriverandapp\x64\debug\filterdr.5a1fcb27.tlog\link.write.1.tlog
d:\github\filterdriversample\filterdriverandapp\x64\debug\filterdr.5a1fcb27.tlog\signtool.command.1.tlog
d:\github\filterdriversample\filterdriverandapp\x64\debug\filterdr.5a1fcb27.tlog\signtool.read.1.tlog
d:\github\filterdriversample\filterdriverandapp\x64\debug\filterdr.5a1fcb27.tlog\signtool.timestamp.1.tlog
d:\github\filterdriversample\filterdriverandapp\x64\debug\filterdr.5a1fcb27.tlog\signtool.write.1.tlog
d:\github\filterdriversample\filterdriverandapp\x64\debug\filterdr.5a1fcb27.tlog\stampinf.command.1.tlog
d:\github\filterdriversample\filterdriverandapp\x64\debug\filterdr.5a1fcb27.tlog\stampinf.read.1.tlog
d:\github\filterdriversample\filterdriverandapp\x64\debug\filterdr.5a1fcb27.tlog\stampinf.write.1.tlog
